#
# There is insufficient memory for the Java Runtime Environment to continue.
# Native memory allocation (malloc) failed to allocate 1098256 bytes for Chunk::new
# Possible reasons:
#   The system is out of physical RAM or swap space
#   In 32 bit mode, the process size limit was hit
# Possible solutions:
#   Reduce memory load on the system
#   Increase physical memory or swap space
#   Check if swap backing store is full
#   Use 64 bit Java on a 64 bit OS
#   Decrease Java heap size (-Xmx/-Xms)
#   Decrease number of Java threads
#   Decrease Java thread stack sizes (-Xss)
#   Set larger code cache with -XX:ReservedCodeCacheSize=
# This output file may be truncated or incomplete.
#
#  Out of Memory Error (allocation.cpp:390), pid=15300, tid=0x00000000000001ac
#
# JRE version: OpenJDK Runtime Environment (8.0_152-b01) (build 1.8.0_152-release-1248-b01)
# Java VM: OpenJDK 64-Bit Server VM (25.152-b01 mixed mode windows-amd64 compressed oops)
# Failed to write core dump. Minidumps are not enabled by default on client versions of Windows
#

---------------  T H R E A D  ---------------

Current thread (0x0000000016c9b000):  JavaThread "C2 CompilerThread2" daemon [_thread_in_native, id=428, stack(0x0000000019560000,0x0000000019660000)]

Stack: [0x0000000019560000,0x0000000019660000]
[error occurred during error reporting (printing stack bounds), id 0xc0000005]

Native frames: (J=compiled Java code, j=interpreted, Vv=VM code, C=native code)


Current CompileTask:
C2:6385204 37724       4       org.gradle.api.internal.artifacts.ivyservice.resolveengine.result.StreamingResolutionResultBuilder::visitNode (44 bytes)


---------------  P R O C E S S  ---------------

Java Threads: ( => current thread )
  0x0000000021440000 JavaThread "Cache worker for Build Output Cleanup Cache (C:\Users\faaiz\Documents\GitHub\Appeatite\CustomerClient\.gradle\buildOutputCleanup)" [_thread_blocked, id=4320, stack(0x0000000052d20000,0x0000000052e20000)]
  0x0000000021444000 JavaThread "Cache worker for task history cache (C:\Users\faaiz\Documents\GitHub\Appeatite\CustomerClient\.gradle\4.10.1\taskHistory)" [_thread_blocked, id=8284, stack(0x0000000052c20000,0x0000000052d20000)]
  0x0000000021444800 JavaThread "Task worker for ':' Thread 7" [_thread_blocked, id=1256, stack(0x0000000052b20000,0x0000000052c20000)]
  0x0000000021443000 JavaThread "Task worker for ':' Thread 6" [_thread_blocked, id=7220, stack(0x0000000052a20000,0x0000000052b20000)]
  0x000000002143b800 JavaThread "Task worker for ':' Thread 5" [_thread_blocked, id=18512, stack(0x0000000052920000,0x0000000052a20000)]
  0x0000000021438800 JavaThread "Task worker for ':' Thread 4" [_thread_blocked, id=6740, stack(0x0000000052820000,0x0000000052920000)]
  0x0000000021437800 JavaThread "Task worker for ':' Thread 3" [_thread_blocked, id=6520, stack(0x0000000052720000,0x0000000052820000)]
  0x000000002143d000 JavaThread "Task worker for ':' Thread 2" [_thread_blocked, id=7908, stack(0x0000000052620000,0x0000000052720000)]
  0x0000000019c71800 JavaThread "Task worker for ':'" [_thread_in_Java, id=19820, stack(0x0000000052520000,0x0000000052620000)]
  0x0000000019c73800 JavaThread "Cache worker for file content cache (C:\Users\faaiz\Documents\GitHub\Appeatite\CustomerClient\.gradle\4.10.1\fileContent)" [_thread_blocked, id=17732, stack(0x0000000052420000,0x0000000052520000)]
  0x0000000019c76800 JavaThread "pool-70-thread-1" [_thread_blocked, id=2348, stack(0x0000000052320000,0x0000000052420000)]
  0x0000000019c72000 JavaThread "Build operations Thread 8" [_thread_blocked, id=14428, stack(0x0000000052220000,0x0000000052320000)]
  0x0000000019c75000 JavaThread "Build operations Thread 7" [_thread_blocked, id=11808, stack(0x0000000052120000,0x0000000052220000)]
  0x0000000019c73000 JavaThread "Build operations Thread 6" [_thread_blocked, id=18524, stack(0x0000000052020000,0x0000000052120000)]
  0x0000000019c76000 JavaThread "Build operations Thread 5" [_thread_blocked, id=3356, stack(0x0000000051f20000,0x0000000052020000)]
  0x0000000019c70800 JavaThread "Build operations Thread 4" [_thread_blocked, id=15772, stack(0x0000000051e20000,0x0000000051f20000)]
  0x0000000019c74800 JavaThread "Build operations Thread 3" [_thread_blocked, id=9552, stack(0x0000000051d20000,0x0000000051e20000)]
  0x0000000019c68000 JavaThread "Build operations Thread 2" [_thread_blocked, id=9196, stack(0x0000000051c20000,0x0000000051d20000)]
  0x0000000019c6f000 JavaThread "Build operations" [_thread_blocked, id=5752, stack(0x0000000051b20000,0x0000000051c20000)]
  0x0000000019c6b800 JavaThread "Cache worker for cache directory md-rule (C:\Users\faaiz\.gradle\caches\4.10.1\md-rule)" [_thread_blocked, id=13788, stack(0x0000000051a20000,0x0000000051b20000)]
  0x0000000019c6a000 JavaThread "Cache worker for cache directory md-supplier (C:\Users\faaiz\.gradle\caches\4.10.1\md-supplier)" [_thread_blocked, id=19460, stack(0x0000000051920000,0x0000000051a20000)]
  0x0000000019c6e800 JavaThread "Cache worker for file hash cache (C:\Users\faaiz\Documents\GitHub\Appeatite\CustomerClient\.gradle\4.10.1\fileHashes)" [_thread_blocked, id=15928, stack(0x0000000051820000,0x0000000051920000)]
  0x0000000019c6d800 JavaThread "Stdin handler" [_thread_blocked, id=13972, stack(0x0000000051720000,0x0000000051820000)]
  0x000000001e5cd000 JavaThread "Asynchronous log dispatcher for DefaultDaemonConnection: socket connection from /127.0.0.1:57983 to /127.0.0.1:58801" [_thread_blocked, id=10228, stack(0x0000000051620000,0x0000000051720000)]
  0x000000001e5d3000 JavaThread "Daemon worker Thread 11" [_thread_blocked, id=9052, stack(0x0000000051520000,0x0000000051620000)]
  0x000000001e5d2000 JavaThread "Cancel handler" [_thread_blocked, id=2344, stack(0x0000000051420000,0x0000000051520000)]
  0x000000001e5cc000 JavaThread "Handler for socket connection from /127.0.0.1:57983 to /127.0.0.1:58801" [_thread_in_native, id=18632, stack(0x0000000051320000,0x0000000051420000)]
  0x000000001e5d1800 JavaThread "Daemon Thread 11" [_thread_blocked, id=8416, stack(0x0000000051220000,0x0000000051320000)]
  0x000000001e5d0800 JavaThread "RMI TCP Connection(idle)" daemon [_thread_blocked, id=9708, stack(0x0000000051120000,0x0000000051220000)]
  0x0000000019c6d000 JavaThread "RMI Reaper" [_thread_blocked, id=14804, stack(0x0000000039d20000,0x0000000039e20000)]
  0x0000000019c6c000 JavaThread "RMI TCP Accept-0" daemon [_thread_in_native, id=4852, stack(0x0000000039c20000,0x0000000039d20000)]
  0x0000000019c69000 JavaThread "GC Daemon" daemon [_thread_blocked, id=5128, stack(0x0000000039b20000,0x0000000039c20000)]
  0x0000000019c67800 JavaThread "RMI Scheduler(0)" daemon [_thread_blocked, id=5956, stack(0x0000000039920000,0x0000000039a20000)]
  0x000000001ed47800 JavaThread "Cache worker for Java compile cache (C:\Users\faaiz\.gradle\caches\4.10.1\javaCompile)" [_thread_blocked, id=3664, stack(0x0000000026230000,0x0000000026330000)]
  0x0000000019cae800 JavaThread "Cache worker for file content cache (C:\Users\faaiz\.gradle\caches\4.10.1\fileContent)" [_thread_blocked, id=3484, stack(0x0000000024d30000,0x0000000024e30000)]
  0x0000000019cad800 JavaThread "Memory manager" [_thread_blocked, id=14600, stack(0x0000000024a30000,0x0000000024b30000)]
  0x000000001e5ce800 JavaThread "Cache worker for Artifact transforms cache (C:\Users\faaiz\.gradle\caches\transforms-1)" [_thread_blocked, id=1244, stack(0x0000000022700000,0x0000000022800000)]
  0x0000000018bac000 JavaThread "Cache worker for journal cache (C:\Users\faaiz\.gradle\caches\journal-1)" [_thread_blocked, id=16352, stack(0x000000001e750000,0x000000001e850000)]
  0x000000001c4c0000 JavaThread "File lock request listener" [_thread_in_native, id=13092, stack(0x000000001d580000,0x000000001d680000)]
  0x000000001c58d800 JavaThread "Cache worker for file hash cache (C:\Users\faaiz\.gradle\caches\4.10.1\fileHashes)" [_thread_blocked, id=15936, stack(0x000000001d480000,0x000000001d580000)]
  0x0000000018f15800 JavaThread "Daemon periodic checks" [_thread_blocked, id=19892, stack(0x000000001b8b0000,0x000000001b9b0000)]
  0x0000000019f7b000 JavaThread "Incoming local TCP Connector on port 57983" [_thread_in_native, id=21416, stack(0x000000001b670000,0x000000001b770000)]
  0x0000000018bfa000 JavaThread "Service Thread" daemon [_thread_blocked, id=16776, stack(0x0000000019760000,0x0000000019860000)]
  0x0000000018bb0800 JavaThread "C1 CompilerThread3" daemon [_thread_blocked, id=4904, stack(0x0000000019660000,0x0000000019760000)]
=>0x0000000016c9b000 JavaThread "C2 CompilerThread2" daemon [_thread_in_native, id=428, stack(0x0000000019560000,0x0000000019660000)]
  0x0000000018ba0800 JavaThread "C2 CompilerThread1" daemon [_thread_in_vm, id=11936, stack(0x0000000019460000,0x0000000019560000)]
  0x0000000018b9c000 JavaThread "C2 CompilerThread0" daemon [_thread_blocked, id=17664, stack(0x0000000019360000,0x0000000019460000)]
  0x0000000018b9a800 JavaThread "Attach Listener" daemon [_thread_blocked, id=11452, stack(0x0000000019260000,0x0000000019360000)]
  0x0000000018ba6000 JavaThread "Signal Dispatcher" daemon [_thread_blocked, id=8052, stack(0x0000000019160000,0x0000000019260000)]
  0x0000000002ece000 JavaThread "Finalizer" daemon [_thread_blocked, id=12356, stack(0x0000000018f70000,0x0000000019070000)]
  0x0000000002ec5000 JavaThread "Reference Handler" daemon [_thread_blocked, id=9652, stack(0x0000000018a70000,0x0000000018b70000)]
  0x0000000002c1e000 JavaThread "main" [_thread_blocked, id=14880, stack(0x0000000002cd0000,0x0000000002dd0000)]

Other Threads:
  0x0000000016c86000 VMThread [stack: 0x0000000018970000,0x0000000018a70000] [id=14736]
  0x0000000018bfb000 WatcherThread [stack: 0x0000000019860000,0x0000000019960000] [id=6732]

VM state:not at safepoint (normal execution)

VM Mutex/Monitor currently owned by a thread: None

Heap:
 PSYoungGen      total 471040K, used 281365K [0x00000000e0000000, 0x00000000ffc80000, 0x0000000100000000)
  eden space 425472K, 61% used [0x00000000e0000000,0x00000000efe75110,0x00000000f9f80000)
  from space 45568K, 45% used [0x00000000fd000000,0x00000000fe450638,0x00000000ffc80000)
  to   space 47616K, 0% used [0x00000000f9f80000,0x00000000f9f80000,0x00000000fce00000)
 ParOldGen       total 266240K, used 154994K [0x00000000a0000000, 0x00000000b0400000, 0x00000000e0000000)
  object space 266240K, 58% used [0x00000000a0000000,0x00000000a975ca00,0x00000000b0400000)
 Metaspace       used 141829K, capacity 149975K, committed 150312K, reserved 1179648K
  class space    used 17636K, capacity 19105K, committed 19248K, reserved 1048576K

Card table byte_map: [0x0000000012290000,0x00000000125a0000] byte_map_base: 0x0000000011d90000

Marking Bits: (ParMarkBitMap*) 0x000000005eaf5aa0
 Begin Bits: [0x0000000012fa0000, 0x00000000147a0000)
 End Bits:   [0x00000000147a0000, 0x0000000015fa0000)

Polling page: 0x00000000011a0000

CodeCache: size=245760Kb used=101358Kb max_used=102066Kb free=144401Kb
 bounds [0x0000000002ed0000, 0x0000000009310000, 0x0000000011ed0000]
 total_blobs=29060 nmethods=28102 adapters=867
 compilation: enabled

Compilation events (10 events):
Event: 6382.194 Thread 0x0000000018bb0800 nmethod 37799 0x00000000047d8fd0 code [0x00000000047d94a0, 0x00000000047dc558]
Event: 6382.194 Thread 0x0000000018bb0800 37798       3       org.gradle.api.internal.artifacts.ivyservice.ivyresolve.RepositoryChainDependencyToComponentIdResolver::toModuleDependencyMetadata (60 bytes)
Event: 6382.196 Thread 0x0000000018bb0800 nmethod 37798 0x00000000092e0250 code [0x00000000092e04a0, 0x00000000092e13c8]
Event: 6382.196 Thread 0x0000000018bb0800 37800       3       org.gradle.internal.resolve.result.DefaultBuildableComponentIdResolveResult::resolved (22 bytes)
Event: 6382.197 Thread 0x0000000018bb0800 nmethod 37800 0x0000000008b00dd0 code [0x0000000008b00f60, 0x0000000008b01398]
Event: 6382.198 Thread 0x0000000018ba0800 nmethod 37794 0x0000000007938050 code [0x0000000007938220, 0x0000000007938e58]
Event: 6382.216 Thread 0x0000000018b9c000 37801       4       org.gradle.internal.resolve.RejectedBySelectorVersion::hashCode (8 bytes)
Event: 6382.218 Thread 0x0000000018b9c000 nmethod 37801 0x00000000092dff10 code [0x00000000092e0060, 0x00000000092e00f8]
Event: 6382.237 Thread 0x0000000018ba0800 37802       4       java.util.Arrays::fill (21 bytes)
Event: 6382.238 Thread 0x0000000018b9c000 37803       4       org.gradle.api.internal.artifacts.ivyservice.resolveengine.result.ComponentSelectorSerializer::write (400 bytes)

GC Heap History (10 events):
Event: 5972.123 GC heap before
{Heap before GC invocations=81 (full 5):
 PSYoungGen      total 487936K, used 454144K [0x00000000e0000000, 0x00000000fff00000, 0x0000000100000000)
  eden space 454144K, 100% used [0x00000000e0000000,0x00000000fbb80000,0x00000000fbb80000)
  from space 33792K, 0% used [0x00000000fbb80000,0x00000000fbb80000,0x00000000fdc80000)
  to   space 32768K, 0% used [0x00000000fdf00000,0x00000000fdf00000,0x00000000fff00000)
 ParOldGen       total 266240K, used 101723K [0x00000000a0000000, 0x00000000b0400000, 0x00000000e0000000)
  object space 266240K, 38% used [0x00000000a0000000,0x00000000a6356c18,0x00000000b0400000)
 Metaspace       used 140332K, capacity 147273K, committed 149160K, reserved 1179648K
  class space    used 17395K, capacity 18720K, committed 19120K, reserved 1048576K
Event: 5972.131 GC heap after
Heap after GC invocations=81 (full 5):
 PSYoungGen      total 489472K, used 3026K [0x00000000e0000000, 0x00000000ffe00000, 0x0000000100000000)
  eden space 457728K, 0% used [0x00000000e0000000,0x00000000e0000000,0x00000000fbf00000)
  from space 31744K, 9% used [0x00000000fdf00000,0x00000000fe1f48a8,0x00000000ffe00000)
  to   space 32256K, 0% used [0x00000000fbf00000,0x00000000fbf00000,0x00000000fde80000)
 ParOldGen       total 266240K, used 101723K [0x00000000a0000000, 0x00000000b0400000, 0x00000000e0000000)
  object space 266240K, 38% used [0x00000000a0000000,0x00000000a6356c18,0x00000000b0400000)
 Metaspace       used 140332K, capacity 147273K, committed 149160K, reserved 1179648K
  class space    used 17395K, capacity 18720K, committed 19120K, reserved 1048576K
}
Event: 5974.663 GC heap before
{Heap before GC invocations=82 (full 5):
 PSYoungGen      total 489472K, used 460754K [0x00000000e0000000, 0x00000000ffe00000, 0x0000000100000000)
  eden space 457728K, 100% used [0x00000000e0000000,0x00000000fbf00000,0x00000000fbf00000)
  from space 31744K, 9% used [0x00000000fdf00000,0x00000000fe1f48a8,0x00000000ffe00000)
  to   space 32256K, 0% used [0x00000000fbf00000,0x00000000fbf00000,0x00000000fde80000)
 ParOldGen       total 266240K, used 101723K [0x00000000a0000000, 0x00000000b0400000, 0x00000000e0000000)
  object space 266240K, 38% used [0x00000000a0000000,0x00000000a6356c18,0x00000000b0400000)
 Metaspace       used 140348K, capacity 147287K, committed 149160K, reserved 1179648K
  class space    used 17400K, capacity 18725K, committed 19120K, reserved 1048576K
Event: 5974.723 GC heap after
Heap after GC invocations=82 (full 5):
 PSYoungGen      total 489984K, used 32234K [0x00000000e0000000, 0x0000000100000000, 0x0000000100000000)
  eden space 457728K, 0% used [0x00000000e0000000,0x00000000e0000000,0x00000000fbf00000)
  from space 32256K, 99% used [0x00000000fbf00000,0x00000000fde7a918,0x00000000fde80000)
  to   space 34304K, 0% used [0x00000000fde80000,0x00000000fde80000,0x0000000100000000)
 ParOldGen       total 266240K, used 130059K [0x00000000a0000000, 0x00000000b0400000, 0x00000000e0000000)
  object space 266240K, 48% used [0x00000000a0000000,0x00000000a7f02d10,0x00000000b0400000)
 Metaspace       used 140348K, capacity 147287K, committed 149160K, reserved 1179648K
  class space    used 17400K, capacity 18725K, committed 19120K, reserved 1048576K
}
Event: 5980.905 GC heap before
{Heap before GC invocations=83 (full 5):
 PSYoungGen      total 489984K, used 489276K [0x00000000e0000000, 0x0000000100000000, 0x0000000100000000)
  eden space 457728K, 99% used [0x00000000e0000000,0x00000000fbe54a50,0x00000000fbf00000)
  from space 32256K, 99% used [0x00000000fbf00000,0x00000000fde7a918,0x00000000fde80000)
  to   space 34304K, 0% used [0x00000000fde80000,0x00000000fde80000,0x0000000100000000)
 ParOldGen       total 266240K, used 130059K [0x00000000a0000000, 0x00000000b0400000, 0x00000000e0000000)
  object space 266240K, 48% used [0x00000000a0000000,0x00000000a7f02d10,0x00000000b0400000)
 Metaspace       used 140383K, capacity 147317K, committed 149160K, reserved 1179648K
  class space    used 17407K, capacity 18732K, committed 19120K, reserved 1048576K
Event: 5980.943 GC heap after
Heap after GC invocations=83 (full 5):
 PSYoungGen      total 459264K, used 26946K [0x00000000e0000000, 0x0000000100000000, 0x0000000100000000)
  eden space 424960K, 0% used [0x00000000e0000000,0x00000000e0000000,0x00000000f9f00000)
  from space 34304K, 78% used [0x00000000fde80000,0x00000000ff8d0bd8,0x0000000100000000)
  to   space 49664K, 0% used [0x00000000f9f00000,0x00000000f9f00000,0x00000000fcf80000)
 ParOldGen       total 266240K, used 139992K [0x00000000a0000000, 0x00000000b0400000, 0x00000000e0000000)
  object space 266240K, 52% used [0x00000000a0000000,0x00000000a88b6178,0x00000000b0400000)
 Metaspace       used 140383K, capacity 147317K, committed 149160K, reserved 1179648K
  class space    used 17407K, capacity 18732K, committed 19120K, reserved 1048576K
}
Event: 5981.057 GC heap before
{Heap before GC invocations=84 (full 5):
 PSYoungGen      total 459264K, used 451473K [0x00000000e0000000, 0x0000000100000000, 0x0000000100000000)
  eden space 424960K, 99% used [0x00000000e0000000,0x00000000f9e93978,0x00000000f9f00000)
  from space 34304K, 78% used [0x00000000fde80000,0x00000000ff8d0bd8,0x0000000100000000)
  to   space 49664K, 0% used [0x00000000f9f00000,0x00000000f9f00000,0x00000000fcf80000)
 ParOldGen       total 266240K, used 139992K [0x00000000a0000000, 0x00000000b0400000, 0x00000000e0000000)
  object space 266240K, 52% used [0x00000000a0000000,0x00000000a88b6178,0x00000000b0400000)
 Metaspace       used 140383K, capacity 147317K, committed 149160K, reserved 1179648K
  class space    used 17407K, capacity 18732K, committed 19120K, reserved 1048576K
Event: 5981.070 GC heap after
Heap after GC invocations=84 (full 5):
 PSYoungGen      total 474624K, used 128K [0x00000000e0000000, 0x0000000100000000, 0x0000000100000000)
  eden space 424960K, 0% used [0x00000000e0000000,0x00000000e0000000,0x00000000f9f00000)
  from space 49664K, 0% used [0x00000000f9f00000,0x00000000f9f20000,0x00000000fcf80000)
  to   space 49152K, 0% used [0x00000000fd000000,0x00000000fd000000,0x0000000100000000)
 ParOldGen       total 266240K, used 154946K [0x00000000a0000000, 0x00000000b0400000, 0x00000000e0000000)
  object space 266240K, 58% used [0x00000000a0000000,0x00000000a9750a00,0x00000000b0400000)
 Metaspace       used 140383K, capacity 147317K, committed 149160K, reserved 1179648K
  class space    used 17407K, capacity 18732K, committed 19120K, reserved 1048576K
}
Event: 6180.770 GC heap before
{Heap before GC invocations=85 (full 5):
 PSYoungGen      total 474624K, used 424151K [0x00000000e0000000, 0x0000000100000000, 0x0000000100000000)
  eden space 424960K, 99% used [0x00000000e0000000,0x00000000f9e15fb8,0x00000000f9f00000)
  from space 49664K, 0% used [0x00000000f9f00000,0x00000000f9f20000,0x00000000fcf80000)
  to   space 49152K, 0% used [0x00000000fd000000,0x00000000fd000000,0x0000000100000000)
 ParOldGen       total 266240K, used 154946K [0x00000000a0000000, 0x00000000b0400000, 0x00000000e0000000)
  object space 266240K, 58% used [0x00000000a0000000,0x00000000a9750a00,0x00000000b0400000)
 Metaspace       used 141172K, capacity 148427K, committed 149672K, reserved 1179648K
  class space    used 17506K, capacity 18869K, committed 19120K, reserved 1048576K
Event: 6180.784 GC heap after
Heap after GC invocations=85 (full 5):
 PSYoungGen      total 471040K, used 20801K [0x00000000e0000000, 0x00000000ffc80000, 0x0000000100000000)
  eden space 425472K, 0% used [0x00000000e0000000,0x00000000e0000000,0x00000000f9f80000)
  from space 45568K, 45% used [0x00000000fd000000,0x00000000fe450638,0x00000000ffc80000)
  to   space 47616K, 0% used [0x00000000f9f80000,0x00000000f9f80000,0x00000000fce00000)
 ParOldGen       total 266240K, used 154994K [0x00000000a0000000, 0x00000000b0400000, 0x00000000e0000000)
  object space 266240K, 58% used [0x00000000a0000000,0x00000000a975ca00,0x00000000b0400000)
 Metaspace       used 141172K, capacity 148427K, committed 149672K, reserved 1179648K
  class space    used 17506K, capacity 18869K, committed 19120K, reserved 1048576K
}

Deoptimization events (10 events):
Event: 6178.478 Thread 0x0000000019c73800 Uncommon trap: reason=unstable_if action=reinterpret pc=0x00000000086730c0 method=com.android.tools.build.apkzlib.zip.StoredEntry.readLocalHeader()V @ 103
Event: 6179.303 Thread 0x0000000019c73800 Uncommon trap: reason=class_check action=maybe_recompile pc=0x0000000005f2e408 method=com.sun.org.apache.xerces.internal.dom.AttrImpl.getValue()Ljava/lang/String; @ 19
Event: 6180.027 Thread 0x0000000019c73800 Uncommon trap: reason=class_check action=maybe_recompile pc=0x00000000086ea154 method=java.util.stream.MatchOps$MatchOp.evaluateSequential(Ljava/util/stream/PipelineHelper;Ljava/util/Spliterator;)Ljava/lang/Boolean; @ 14
Event: 6181.178 Thread 0x0000000019c73800 Uncommon trap: reason=unstable_if action=reinterpret pc=0x0000000008e5db78 method=java.util.concurrent.ForkJoinTask.externalInterruptibleAwaitDone()I @ 51
Event: 6185.482 Thread 0x0000000021444800 Uncommon trap: reason=array_check action=maybe_recompile pc=0x0000000008a87c34 method=java.util.Arrays.fill([Ljava/lang/Object;Ljava/lang/Object;)V @ 13
Event: 6185.482 Thread 0x0000000021444800 Uncommon trap: reason=array_check action=maybe_recompile pc=0x0000000008a87c34 method=java.util.Arrays.fill([Ljava/lang/Object;Ljava/lang/Object;)V @ 13
Event: 6185.700 Thread 0x0000000021444800 Uncommon trap: reason=class_check action=maybe_recompile pc=0x0000000007f91390 method=java.lang.StringCoding.decode(Ljava/nio/charset/Charset;[BII)[C @ 1
Event: 6185.706 Thread 0x0000000021444800 Uncommon trap: reason=class_check action=maybe_recompile pc=0x0000000007f91390 method=java.lang.StringCoding.decode(Ljava/nio/charset/Charset;[BII)[C @ 1
Event: 6185.843 Thread 0x000000001e9ab000 Uncommon trap: reason=array_check action=maybe_recompile pc=0x0000000008a87c34 method=java.util.Arrays.fill([Ljava/lang/Object;Ljava/lang/Object;)V @ 13
Event: 6185.844 Thread 0x000000001e9ab000 Uncommon trap: reason=array_check action=maybe_recompile pc=0x0000000008a87c34 method=java.util.Arrays.fill([Ljava/lang/Object;Ljava/lang/Object;)V @ 13

Classes redefined (0 events):
No events

Internal exceptions (10 events):
Event: 6179.671 Thread 0x0000000019c73800 Exception <a 'sun/nio/fs/WindowsException'> (0x00000000f68d5a60) thrown at [D:\src\AOSP-openjdk-cygwin\jdk8u\hotspot\src\share\vm\prims\jni.cpp, line 709]
Event: 6179.672 Thread 0x0000000019c73800 Exception <a 'sun/nio/fs/WindowsException'> (0x00000000f68d6d00) thrown at [D:\src\AOSP-openjdk-cygwin\jdk8u\hotspot\src\share\vm\prims\jni.cpp, line 709]
Event: 6179.672 Thread 0x0000000019c73800 Exception <a 'sun/nio/fs/WindowsException'> (0x00000000f68d7fa0) thrown at [D:\src\AOSP-openjdk-cygwin\jdk8u\hotspot\src\share\vm\prims\jni.cpp, line 709]
Event: 6179.673 Thread 0x0000000019c73800 Exception <a 'sun/nio/fs/WindowsException'> (0x00000000f68d9240) thrown at [D:\src\AOSP-openjdk-cygwin\jdk8u\hotspot\src\share\vm\prims\jni.cpp, line 709]
Event: 6179.673 Thread 0x0000000019c73800 Exception <a 'sun/nio/fs/WindowsException'> (0x00000000f68da4e0) thrown at [D:\src\AOSP-openjdk-cygwin\jdk8u\hotspot\src\share\vm\prims\jni.cpp, line 709]
Event: 6179.674 Thread 0x0000000019c73800 Exception <a 'sun/nio/fs/WindowsException'> (0x00000000f68db780) thrown at [D:\src\AOSP-openjdk-cygwin\jdk8u\hotspot\src\share\vm\prims\jni.cpp, line 709]
Event: 6179.674 Thread 0x0000000019c73800 Exception <a 'sun/nio/fs/WindowsException'> (0x00000000f68dca20) thrown at [D:\src\AOSP-openjdk-cygwin\jdk8u\hotspot\src\share\vm\prims\jni.cpp, line 709]
Event: 6179.675 Thread 0x0000000019c73800 Exception <a 'sun/nio/fs/WindowsException'> (0x00000000f68dd938) thrown at [D:\src\AOSP-openjdk-cygwin\jdk8u\hotspot\src\share\vm\prims\jni.cpp, line 709]
Event: 6381.854 Thread 0x000000001e5d3000 Exception <a 'sun/nio/fs/WindowsException'> (0x00000000ee385590) thrown at [D:\src\AOSP-openjdk-cygwin\jdk8u\hotspot\src\share\vm\prims\jni.cpp, line 709]
Event: 6381.859 Thread 0x000000001e5d3000 Exception <a 'sun/nio/fs/WindowsException'> (0x00000000ee391ca0) thrown at [D:\src\AOSP-openjdk-cygwin\jdk8u\hotspot\src\share\vm\prims\jni.cpp, line 709]

Events (10 events):
Event: 6382.121 Executing VM operation: RevokeBias
Event: 6382.121 Executing VM operation: RevokeBias done
Event: 6382.122 Executing VM operation: RevokeBias
Event: 6382.122 Executing VM operation: RevokeBias done
Event: 6382.127 Executing VM operation: RevokeBias
Event: 6382.127 Executing VM operation: RevokeBias done
Event: 6382.170 loading class org/gradle/internal/resolve/RejectedByRuleVersion
Event: 6382.170 loading class org/gradle/internal/resolve/RejectedByRuleVersion done
Event: 6382.171 Executing VM operation: Deoptimize
Event: 6382.175 Executing VM operation: Deoptimize done


Dynamic libraries:
0x00007ff76a610000 - 0x00007ff76a641000 	C:\Program Files\Android\Android Studio\jre\bin\java.exe
0x00007ff920f70000 - 0x00007ff921151000 	C:\WINDOWS\SYSTEM32\ntdll.dll
0x00007ff8f5800000 - 0x00007ff8f5812000 	C:\Program Files\AVG\Antivirus\aswhook.dll
0x00007ff920ce0000 - 0x00007ff920d92000 	C:\WINDOWS\System32\KERNEL32.DLL
0x00007ff91d440000 - 0x00007ff91d6b3000 	C:\WINDOWS\System32\KERNELBASE.dll
0x00007ff920e90000 - 0x00007ff920f31000 	C:\WINDOWS\System32\ADVAPI32.dll
0x00007ff920560000 - 0x00007ff9205fe000 	C:\WINDOWS\System32\msvcrt.dll
0x00007ff920600000 - 0x00007ff92065b000 	C:\WINDOWS\System32\sechost.dll
0x00007ff920430000 - 0x00007ff920554000 	C:\WINDOWS\System32\RPCRT4.dll
0x00007ff91e930000 - 0x00007ff91eac0000 	C:\WINDOWS\System32\USER32.dll
0x00007ff91d960000 - 0x00007ff91d980000 	C:\WINDOWS\System32\win32u.dll
0x00007ff91e480000 - 0x00007ff91e4a8000 	C:\WINDOWS\System32\GDI32.dll
0x00007ff91e090000 - 0x00007ff91e222000 	C:\WINDOWS\System32\gdi32full.dll
0x00007ff91e360000 - 0x00007ff91e3ff000 	C:\WINDOWS\System32\msvcp_win.dll
0x00007ff91d340000 - 0x00007ff91d43a000 	C:\WINDOWS\System32\ucrtbase.dll
0x00007ff900b50000 - 0x00007ff900db9000 	C:\WINDOWS\WinSxS\amd64_microsoft.windows.common-controls_6595b64144ccf1df_6.0.17134.590_none_fb3d9bff3069e088\COMCTL32.dll
0x00007ff91eac0000 - 0x00007ff91ede2000 	C:\WINDOWS\System32\combase.dll
0x00007ff91e230000 - 0x00007ff91e2aa000 	C:\WINDOWS\System32\bcryptPrimitives.dll
0x00007ff91e4b0000 - 0x00007ff91e4dd000 	C:\WINDOWS\System32\IMM32.DLL
0x000000005ec80000 - 0x000000005ed52000 	C:\Program Files\Android\Android Studio\jre\jre\bin\msvcr100.dll
0x000000005e330000 - 0x000000005eb71000 	C:\Program Files\Android\Android Studio\jre\jre\bin\server\jvm.dll
0x00007ff91edf0000 - 0x00007ff91edf8000 	C:\WINDOWS\System32\PSAPI.DLL
0x00007ff908020000 - 0x00007ff908029000 	C:\WINDOWS\SYSTEM32\WSOCK32.dll
0x00007ff9203c0000 - 0x00007ff92042c000 	C:\WINDOWS\System32\WS2_32.dll
0x00007ff913b60000 - 0x00007ff913b83000 	C:\WINDOWS\SYSTEM32\WINMM.dll
0x00007ff917da0000 - 0x00007ff917daa000 	C:\WINDOWS\SYSTEM32\VERSION.dll
0x00007ff913b30000 - 0x00007ff913b5a000 	C:\WINDOWS\SYSTEM32\WINMMBASE.dll
0x00007ff91d720000 - 0x00007ff91d769000 	C:\WINDOWS\System32\cfgmgr32.dll
0x00007ff913a50000 - 0x00007ff913a5f000 	C:\Program Files\Android\Android Studio\jre\jre\bin\verify.dll
0x00007ff8fc210000 - 0x00007ff8fc239000 	C:\Program Files\Android\Android Studio\jre\jre\bin\java.dll
0x00007ff9008b0000 - 0x00007ff9008c6000 	C:\Program Files\Android\Android Studio\jre\jre\bin\zip.dll
0x00007ff91ee00000 - 0x00007ff920240000 	C:\WINDOWS\System32\SHELL32.dll
0x00007ff91e880000 - 0x00007ff91e929000 	C:\WINDOWS\System32\shcore.dll
0x00007ff91d980000 - 0x00007ff91e08d000 	C:\WINDOWS\System32\windows.storage.dll
0x00007ff920830000 - 0x00007ff920881000 	C:\WINDOWS\System32\shlwapi.dll
0x00007ff91d2a0000 - 0x00007ff91d2b1000 	C:\WINDOWS\System32\kernel.appcore.dll
0x00007ff91d320000 - 0x00007ff91d33f000 	C:\WINDOWS\System32\profapi.dll
0x00007ff91d2d0000 - 0x00007ff91d31c000 	C:\WINDOWS\System32\powrprof.dll
0x00007ff91d2c0000 - 0x00007ff91d2ca000 	C:\WINDOWS\System32\FLTLIB.DLL
0x00007ff900650000 - 0x00007ff90066a000 	C:\Program Files\Android\Android Studio\jre\jre\bin\net.dll
0x00007ff91cb00000 - 0x00007ff91cb66000 	C:\WINDOWS\system32\mswsock.dll
0x00007ff8feab0000 - 0x00007ff8feac1000 	C:\Program Files\Android\Android Studio\jre\jre\bin\nio.dll
0x00007ff8fbf60000 - 0x00007ff8fbf7e000 	C:\Users\faaiz\.gradle\native\25\windows-amd64\native-platform.dll
0x00007ff913180000 - 0x00007ff91318d000 	C:\Program Files\Android\Android Studio\jre\jre\bin\management.dll
0x00007ff91ccb0000 - 0x00007ff91ccc7000 	C:\WINDOWS\SYSTEM32\CRYPTSP.dll
0x00007ff91c6e0000 - 0x00007ff91c713000 	C:\WINDOWS\system32\rsaenh.dll
0x00007ff91cde0000 - 0x00007ff91ce05000 	C:\WINDOWS\SYSTEM32\bcrypt.dll
0x00007ff91d180000 - 0x00007ff91d1a8000 	C:\WINDOWS\SYSTEM32\USERENV.dll
0x00007ff91ccd0000 - 0x00007ff91ccdb000 	C:\WINDOWS\SYSTEM32\CRYPTBASE.dll
0x00007ff91c880000 - 0x00007ff91c8b8000 	C:\WINDOWS\SYSTEM32\IPHLPAPI.DLL
0x00007ff920660000 - 0x00007ff920668000 	C:\WINDOWS\System32\NSI.dll
0x00007ff916810000 - 0x00007ff916826000 	C:\WINDOWS\SYSTEM32\dhcpcsvc6.DLL
0x00007ff916ce0000 - 0x00007ff916cfa000 	C:\WINDOWS\SYSTEM32\dhcpcsvc.DLL
0x00007ff8ef720000 - 0x00007ff8ef744000 	C:\Program Files\Android\Android Studio\jre\jre\bin\sunec.dll
0x00007ff91c8c0000 - 0x00007ff91c97e000 	C:\WINDOWS\SYSTEM32\DNSAPI.dll
0x00007ff90b760000 - 0x00007ff90b76a000 	C:\Windows\System32\rasadhlp.dll
0x00007ff90b4b0000 - 0x00007ff90b522000 	C:\WINDOWS\System32\fwpuclnt.dll
0x00007ff910760000 - 0x00007ff91076b000 	C:\Program Files\Android\Android Studio\jre\jre\bin\sunmscapi.dll
0x00007ff91d770000 - 0x00007ff91d952000 	C:\WINDOWS\System32\CRYPT32.dll
0x00007ff91d280000 - 0x00007ff91d292000 	C:\WINDOWS\System32\MSASN1.dll
0x00007ff91b610000 - 0x00007ff91b69b000 	C:\WINDOWS\system32\apphelp.dll
0x00007ff915830000 - 0x00007ff91584e000 	C:\Users\faaiz\AppData\Local\Temp\native-platform805089357879714272dir\native-platform.dll
0x00007ff91c370000 - 0x00007ff91c3a1000 	C:\WINDOWS\SYSTEM32\ntmarta.dll

VM Arguments:
jvm_args: -Xmx1536m -Dfile.encoding=windows-1252 -Duser.country=US -Duser.language=en -Duser.variant 
java_command: org.gradle.launcher.daemon.bootstrap.GradleDaemon 4.10.1
java_class_path (initial): C:\Users\faaiz\.gradle\wrapper\dists\gradle-4.10.1-all\455itskqi2qtf0v2sja68alqd\gradle-4.10.1\lib\gradle-launcher-4.10.1.jar
Launcher Type: SUN_STANDARD

Environment Variables:
PATH=C:\Program Files (x86)\Common Files\Oracle\Java\javapath;C:\Program Files (x86)\Intel\iCLS Client\;C:\Program Files\Intel\iCLS Client\;C:\Windows\system32;C:\Windows;C:\Windows\System32\Wbem;C:\Windows\System32\WindowsPowerShell\v1.0\;C:\Program Files (x86)\Intel\Intel(R) Management Engine Components\DAL;C:\Program Files\Intel\Intel(R) Management Engine Components\DAL;C:\Program Files (x86)\Intel\Intel(R) Management Engine Components\IPT;C:\Program Files\Intel\Intel(R) Management Engine Components\IPT;C:\Program Files (x86)\NVIDIA Corporation\PhysX\Common;C:\Program Files\Intel\WiFi\bin\;C:\Program Files\Common Files\Intel\WirelessCommon\;C:\WINDOWS\system32;C:\WINDOWS;C:\WINDOWS\System32\Wbem;C:\WINDOWS\System32\WindowsPowerShell\v1.0\;C:\WINDOWS\System32\OpenSSH\;C:\Program Files\nodejs\;C:\Program Files\Git\cmd;C:\Program Files\NVIDIA Corporation\NVIDIA NvDLISR;C:\Users\faaiz\AppData\Local\Microsoft\WindowsApps;C:\Users\faaiz\AppData\Local\GitHubDesktop\bin;C:\Users\faaiz\AppData\Roaming\npm;C:\Users\faaiz\AppData\Local\Programs\Microsoft VS Code\bin
USERNAME=faaiz
OS=Windows_NT
PROCESSOR_IDENTIFIER=Intel64 Family 6 Model 142 Stepping 10, GenuineIntel



---------------  S Y S T E M  ---------------

OS: Windows 10.0 , 64 bit Build 17134 (10.0.17134.556)

CPU:total 8 (initial active 8) (4 cores per cpu, 2 threads per core) family 6 model 142 stepping 10, cmov, cx8, fxsr, mmx, sse, sse2, sse3, ssse3, sse4.1, sse4.2, popcnt, avx, avx2, aes, clmul, erms, 3dnowpref, lzcnt, ht, tsc, tscinvbit, bmi1, bmi2, adx

Memory: 4k page, physical 8262884k(582776k free), swap 11117796k(596k free)

vm_info: OpenJDK 64-Bit Server VM (25.152-b01) for windows-amd64 JRE (1.8.0_152-release-1248-b01), built by "builder" with MS VC++ 10.0 (VS2010)

time: Sat Feb 23 17:34:41 2019
elapsed time: 6382 seconds (0d 1h 46m 22s)

