#
# There is insufficient memory for the Java Runtime Environment to continue.
# Native memory allocation (malloc) failed to allocate 67184 bytes for Chunk::new
# Possible reasons:
#   The system is out of physical RAM or swap space
#   In 32 bit mode, the process size limit was hit
# Possible solutions:
#   Reduce memory load on the system
#   Increase physical memory or swap space
#   Check if swap backing store is full
#   Use 64 bit Java on a 64 bit OS
#   Decrease Java heap size (-Xmx/-Xms)
#   Decrease number of Java threads
#   Decrease Java thread stack sizes (-Xss)
#   Set larger code cache with -XX:ReservedCodeCacheSize=
# This output file may be truncated or incomplete.
#
#  Out of Memory Error (allocation.cpp:390), pid=14960, tid=0x0000000000004798
#
# JRE version: OpenJDK Runtime Environment (8.0_152-b01) (build 1.8.0_152-release-1248-b01)
# Java VM: OpenJDK 64-Bit Server VM (25.152-b01 mixed mode windows-amd64 compressed oops)
# Failed to write core dump. Minidumps are not enabled by default on client versions of Windows
#

---------------  T H R E A D  ---------------

Current thread (0x0000000018c17800):  JavaThread "C2 CompilerThread1" daemon [_thread_in_native, id=18328, stack(0x0000000019400000,0x0000000019500000)]

Stack: [0x0000000019400000,0x0000000019500000]
[error occurred during error reporting (printing stack bounds), id 0xc0000005]

Native frames: (J=compiled Java code, j=interpreted, Vv=VM code, C=native code)


Current CompileTask:
C2:1842891 12123       4       org.jetbrains.kotlin.com.intellij.psi.impl.source.PsiTypeElementImpl::calculateType (776 bytes)


---------------  P R O C E S S  ---------------

Java Threads: ( => current thread )
  0x000000001d279000 JavaThread "RMI RenewClean-[127.0.0.1:64775,org.jetbrains.kotlin.daemon.common.LoopbackNetworkInterface$ClientLoopbackSocketFactory@3c473a18]" daemon [_thread_blocked, id=17000, stack(0x0000000025000000,0x0000000025100000)]
  0x000000001d277800 JavaThread "RMI TCP Connection(23)-127.0.0.1" daemon [_thread_in_Java, id=15216, stack(0x0000000024f00000,0x0000000025000000)]
  0x000000001d278800 JavaThread "RMI TCP Connection(22)-127.0.0.1" daemon [_thread_in_native, id=19708, stack(0x0000000024e00000,0x0000000024f00000)]
  0x000000001d27d800 JavaThread "RMI TCP Connection(21)-127.0.0.1" daemon [_thread_in_native, id=16388, stack(0x0000000024d00000,0x0000000024e00000)]
  0x000000001d27e800 JavaThread "RMI RenewClean-[127.0.0.1:64775,org.jetbrains.kotlin.daemon.common.LoopbackNetworkInterface$ClientLoopbackSocketFactory@4cc48e11]" daemon [_thread_blocked, id=17496, stack(0x0000000023710000,0x0000000023810000)]
  0x000000001d27c000 JavaThread "RMI RenewClean-[127.0.0.1:64775,org.jetbrains.kotlin.daemon.common.LoopbackNetworkInterface$ClientLoopbackSocketFactory@6d5bb486]" daemon [_thread_blocked, id=11248, stack(0x0000000020660000,0x0000000020760000)]
  0x0000000019c43000 JavaThread "RMI RenewClean-[127.0.0.1:64775,org.jetbrains.kotlin.daemon.common.LoopbackNetworkInterface$ClientLoopbackSocketFactory@3fc0f40f]" daemon [_thread_blocked, id=3600, stack(0x000000001b080000,0x000000001b180000)]
  0x0000000019bfe000 JavaThread "RMI Scheduler(0)" daemon [_thread_blocked, id=15564, stack(0x000000001ad80000,0x000000001ae80000)]
  0x0000000002e62800 JavaThread "DestroyJavaVM" [_thread_blocked, id=6568, stack(0x0000000002d60000,0x0000000002e60000)]
  0x0000000019be1800 JavaThread "GC Daemon" daemon [_thread_blocked, id=1068, stack(0x000000001a840000,0x000000001a940000)]
  0x0000000019bec000 JavaThread "RMI Reaper" [_thread_blocked, id=14948, stack(0x000000001a740000,0x000000001a840000)]
  0x0000000019b58800 JavaThread "Timer-0" daemon [_thread_blocked, id=19676, stack(0x000000001a540000,0x000000001a640000)]
  0x0000000019b55800 JavaThread "RMI TCP Accept-17040" daemon [_thread_in_native, id=5200, stack(0x000000001a440000,0x000000001a540000)]
  0x0000000018cbc000 JavaThread "Service Thread" daemon [_thread_blocked, id=13956, stack(0x0000000019700000,0x0000000019800000)]
  0x0000000018c1e800 JavaThread "C1 CompilerThread3" daemon [_thread_blocked, id=16656, stack(0x0000000019600000,0x0000000019700000)]
  0x0000000018c18800 JavaThread "C2 CompilerThread2" daemon [_thread_in_native, id=9968, stack(0x0000000019500000,0x0000000019600000)]
=>0x0000000018c17800 JavaThread "C2 CompilerThread1" daemon [_thread_in_native, id=18328, stack(0x0000000019400000,0x0000000019500000)]
  0x0000000018c15000 JavaThread "C2 CompilerThread0" daemon [_thread_in_native, id=19280, stack(0x0000000019300000,0x0000000019400000)]
  0x0000000018c25800 JavaThread "Attach Listener" daemon [_thread_blocked, id=18124, stack(0x0000000019200000,0x0000000019300000)]
  0x0000000018c24800 JavaThread "Signal Dispatcher" daemon [_thread_blocked, id=14508, stack(0x0000000019100000,0x0000000019200000)]
  0x0000000018c10800 JavaThread "Finalizer" daemon [_thread_blocked, id=7380, stack(0x0000000018ff0000,0x00000000190f0000)]
  0x0000000016d1c000 JavaThread "Reference Handler" daemon [_thread_blocked, id=20264, stack(0x0000000018af0000,0x0000000018bf0000)]

Other Threads:
  0x0000000016d18000 VMThread [stack: 0x00000000189f0000,0x0000000018af0000] [id=18904]
  0x0000000018cbd000 WatcherThread [stack: 0x0000000019800000,0x0000000019900000] [id=12092]

VM state:not at safepoint (normal execution)

VM Mutex/Monitor currently owned by a thread: None

Heap:
 PSYoungGen      total 295424K, used 124769K [0x00000000e0000000, 0x00000000f9980000, 0x0000000100000000)
  eden space 242688K, 43% used [0x00000000e0000000,0x00000000e673c8d0,0x00000000eed00000)
  from space 52736K, 36% used [0x00000000eed00000,0x00000000eff9bd78,0x00000000f2080000)
  to   space 50688K, 0% used [0x00000000f6800000,0x00000000f6800000,0x00000000f9980000)
 ParOldGen       total 171520K, used 106878K [0x00000000a0000000, 0x00000000aa780000, 0x00000000e0000000)
  object space 171520K, 62% used [0x00000000a0000000,0x00000000a685fa48,0x00000000aa780000)
 Metaspace       used 62138K, capacity 63727K, committed 64024K, reserved 1105920K
  class space    used 7493K, capacity 7880K, committed 7976K, reserved 1048576K

Card table byte_map: [0x0000000012320000,0x0000000012630000] byte_map_base: 0x0000000011e20000

Marking Bits: (ParMarkBitMap*) 0x00000000715d5aa0
 Begin Bits: [0x0000000013030000, 0x0000000014830000)
 End Bits:   [0x0000000014830000, 0x0000000016030000)

Polling page: 0x0000000001260000

CodeCache: size=245760Kb used=31930Kb max_used=32159Kb free=213829Kb
 bounds [0x0000000002f60000, 0x0000000004f30000, 0x0000000011f60000]
 total_blobs=10129 nmethods=9588 adapters=452
 compilation: enabled

Compilation events (10 events):
Event: 1842.008 Thread 0x0000000018c15000 nmethod 12109 0x00000000047f4350 code [0x00000000047f47a0, 0x00000000047f5fe8]
Event: 1842.008 Thread 0x0000000018c15000 12125       4       org.jetbrains.kotlin.com.intellij.psi.impl.source.SubstrateRef$2::isValid (42 bytes)
Event: 1842.015 Thread 0x0000000018c18800 nmethod 12107 0x0000000003e9aa90 code [0x0000000003e9ac20, 0x0000000003e9afe8]
Event: 1842.015 Thread 0x0000000018c18800 12114       4       org.jetbrains.kotlin.serialization.DescriptorSerializer::createChildSerializer (39 bytes)
Event: 1842.016 Thread 0x0000000018c15000 nmethod 12125 0x0000000003e9a110 code [0x0000000003e9a2a0, 0x0000000003e9a5e8]
Event: 1842.016 Thread 0x0000000018c15000 12118       4       org.jetbrains.kotlin.serialization.DescriptorSerializer$isSuspendOrHasSuspendTypesInSignature$1$1::get (11 bytes)
Event: 1842.023 Thread 0x0000000018c18800 nmethod 12114 0x0000000004981990 code [0x0000000004981b00, 0x0000000004981e38]
Event: 1842.023 Thread 0x0000000018c18800 12128       4       org.jetbrains.kotlin.com.intellij.psi.impl.PsiCachedValue$$Lambda$146/802593864::value (5 bytes)
Event: 1842.025 Thread 0x0000000018c18800 nmethod 12128 0x00000000031fac50 code [0x00000000031fada0, 0x00000000031faed8]
Event: 1842.025 Thread 0x0000000018c18800 12119       4       org.jetbrains.kotlin.builtins.FunctionTypesKt::isTypeOrSubtypeOf (68 bytes)

GC Heap History (10 events):
Event: 10.800 GC heap before
{Heap before GC invocations=17 (full 4):
 PSYoungGen      total 190976K, used 20699K [0x00000000e0000000, 0x00000000f2000000, 0x0000000100000000)
  eden space 134656K, 0% used [0x00000000e0000000,0x00000000e0000000,0x00000000e8380000)
  from space 56320K, 36% used [0x00000000e8380000,0x00000000e97b6fb0,0x00000000eba80000)
  to   space 53248K, 0% used [0x00000000eec00000,0x00000000eec00000,0x00000000f2000000)
 ParOldGen       total 117248K, used 97434K [0x00000000a0000000, 0x00000000a7280000, 0x00000000e0000000)
  object space 117248K, 83% used [0x00000000a0000000,0x00000000a5f26998,0x00000000a7280000)
 Metaspace       used 57884K, capacity 59041K, committed 59160K, reserved 1101824K
  class space    used 7183K, capacity 7457K, committed 7464K, reserved 1048576K
Event: 10.920 GC heap after
Heap after GC invocations=17 (full 4):
 PSYoungGen      total 190976K, used 0K [0x00000000e0000000, 0x00000000f2000000, 0x0000000100000000)
  eden space 134656K, 0% used [0x00000000e0000000,0x00000000e0000000,0x00000000e8380000)
  from space 56320K, 0% used [0x00000000e8380000,0x00000000e8380000,0x00000000eba80000)
  to   space 53248K, 0% used [0x00000000eec00000,0x00000000eec00000,0x00000000f2000000)
 ParOldGen       total 171520K, used 50385K [0x00000000a0000000, 0x00000000aa780000, 0x00000000e0000000)
  object space 171520K, 29% used [0x00000000a0000000,0x00000000a31347b0,0x00000000aa780000)
 Metaspace       used 57884K, capacity 59041K, committed 59160K, reserved 1101824K
  class space    used 7183K, capacity 7457K, committed 7464K, reserved 1048576K
}
Event: 78.699 GC heap before
{Heap before GC invocations=18 (full 4):
 PSYoungGen      total 190976K, used 134656K [0x00000000e0000000, 0x00000000f2000000, 0x0000000100000000)
  eden space 134656K, 100% used [0x00000000e0000000,0x00000000e8380000,0x00000000e8380000)
  from space 56320K, 0% used [0x00000000e8380000,0x00000000e8380000,0x00000000eba80000)
  to   space 53248K, 0% used [0x00000000eec00000,0x00000000eec00000,0x00000000f2000000)
 ParOldGen       total 171520K, used 50385K [0x00000000a0000000, 0x00000000aa780000, 0x00000000e0000000)
  object space 171520K, 29% used [0x00000000a0000000,0x00000000a31347b0,0x00000000aa780000)
 Metaspace       used 59603K, capacity 60935K, committed 61208K, reserved 1103872K
  class space    used 7344K, capacity 7676K, committed 7720K, reserved 1048576K
Event: 78.749 GC heap after
Heap after GC invocations=18 (full 4):
 PSYoungGen      total 229376K, used 24565K [0x00000000e0000000, 0x00000000f1780000, 0x0000000100000000)
  eden space 184832K, 0% used [0x00000000e0000000,0x00000000e0000000,0x00000000eb480000)
  from space 44544K, 55% used [0x00000000eec00000,0x00000000f03fd488,0x00000000f1780000)
  to   space 50688K, 0% used [0x00000000eb480000,0x00000000eb480000,0x00000000ee600000)
 ParOldGen       total 171520K, used 50393K [0x00000000a0000000, 0x00000000aa780000, 0x00000000e0000000)
  object space 171520K, 29% used [0x00000000a0000000,0x00000000a31367b0,0x00000000aa780000)
 Metaspace       used 59603K, capacity 60935K, committed 61208K, reserved 1103872K
  class space    used 7344K, capacity 7676K, committed 7720K, reserved 1048576K
}
Event: 1083.270 GC heap before
{Heap before GC invocations=19 (full 4):
 PSYoungGen      total 229376K, used 209397K [0x00000000e0000000, 0x00000000f1780000, 0x0000000100000000)
  eden space 184832K, 100% used [0x00000000e0000000,0x00000000eb480000,0x00000000eb480000)
  from space 44544K, 55% used [0x00000000eec00000,0x00000000f03fd488,0x00000000f1780000)
  to   space 50688K, 0% used [0x00000000eb480000,0x00000000eb480000,0x00000000ee600000)
 ParOldGen       total 171520K, used 50393K [0x00000000a0000000, 0x00000000aa780000, 0x00000000e0000000)
  object space 171520K, 29% used [0x00000000a0000000,0x00000000a31367b0,0x00000000aa780000)
 Metaspace       used 60615K, capacity 62037K, committed 62360K, reserved 1103872K
  class space    used 7412K, capacity 7761K, committed 7848K, reserved 1048576K
Event: 1083.307 GC heap after
Heap after GC invocations=19 (full 4):
 PSYoungGen      total 235520K, used 17258K [0x00000000e0000000, 0x00000000f5080000, 0x0000000100000000)
  eden space 184832K, 0% used [0x00000000e0000000,0x00000000e0000000,0x00000000eb480000)
  from space 50688K, 34% used [0x00000000eb480000,0x00000000ec55a8a8,0x00000000ee600000)
  to   space 49152K, 0% used [0x00000000f2080000,0x00000000f2080000,0x00000000f5080000)
 ParOldGen       total 171520K, used 57860K [0x00000000a0000000, 0x00000000aa780000, 0x00000000e0000000)
  object space 171520K, 33% used [0x00000000a0000000,0x00000000a3881280,0x00000000aa780000)
 Metaspace       used 60615K, capacity 62037K, committed 62360K, reserved 1103872K
  class space    used 7412K, capacity 7761K, committed 7848K, reserved 1048576K
}
Event: 1084.523 GC heap before
{Heap before GC invocations=20 (full 4):
 PSYoungGen      total 235520K, used 202090K [0x00000000e0000000, 0x00000000f5080000, 0x0000000100000000)
  eden space 184832K, 100% used [0x00000000e0000000,0x00000000eb480000,0x00000000eb480000)
  from space 50688K, 34% used [0x00000000eb480000,0x00000000ec55a8a8,0x00000000ee600000)
  to   space 49152K, 0% used [0x00000000f2080000,0x00000000f2080000,0x00000000f5080000)
 ParOldGen       total 171520K, used 57860K [0x00000000a0000000, 0x00000000aa780000, 0x00000000e0000000)
  object space 171520K, 33% used [0x00000000a0000000,0x00000000a3881280,0x00000000aa780000)
 Metaspace       used 61174K, capacity 62601K, committed 62872K, reserved 1103872K
  class space    used 7417K, capacity 7765K, committed 7848K, reserved 1048576K
Event: 1084.577 GC heap after
Heap after GC invocations=20 (full 4):
 PSYoungGen      total 291840K, used 39977K [0x00000000e0000000, 0x00000000f5b00000, 0x0000000100000000)
  eden space 242688K, 0% used [0x00000000e0000000,0x00000000e0000000,0x00000000eed00000)
  from space 49152K, 81% used [0x00000000f2080000,0x00000000f478a640,0x00000000f5080000)
  to   space 52736K, 0% used [0x00000000eed00000,0x00000000eed00000,0x00000000f2080000)
 ParOldGen       total 171520K, used 68947K [0x00000000a0000000, 0x00000000aa780000, 0x00000000e0000000)
  object space 171520K, 40% used [0x00000000a0000000,0x00000000a4354c38,0x00000000aa780000)
 Metaspace       used 61174K, capacity 62601K, committed 62872K, reserved 1103872K
  class space    used 7417K, capacity 7765K, committed 7848K, reserved 1048576K
}
Event: 1840.743 GC heap before
{Heap before GC invocations=21 (full 4):
 PSYoungGen      total 291840K, used 282665K [0x00000000e0000000, 0x00000000f5b00000, 0x0000000100000000)
  eden space 242688K, 100% used [0x00000000e0000000,0x00000000eed00000,0x00000000eed00000)
  from space 49152K, 81% used [0x00000000f2080000,0x00000000f478a640,0x00000000f5080000)
  to   space 52736K, 0% used [0x00000000eed00000,0x00000000eed00000,0x00000000f2080000)
 ParOldGen       total 171520K, used 68947K [0x00000000a0000000, 0x00000000aa780000, 0x00000000e0000000)
  object space 171520K, 40% used [0x00000000a0000000,0x00000000a4354c38,0x00000000aa780000)
 Metaspace       used 61950K, capacity 63599K, committed 63768K, reserved 1105920K
  class space    used 7474K, capacity 7880K, committed 7976K, reserved 1048576K
Event: 1840.916 GC heap after
Heap after GC invocations=21 (full 4):
 PSYoungGen      total 295424K, used 19055K [0x00000000e0000000, 0x00000000f9980000, 0x0000000100000000)
  eden space 242688K, 0% used [0x00000000e0000000,0x00000000e0000000,0x00000000eed00000)
  from space 52736K, 36% used [0x00000000eed00000,0x00000000eff9bd78,0x00000000f2080000)
  to   space 50688K, 0% used [0x00000000f6800000,0x00000000f6800000,0x00000000f9980000)
 ParOldGen       total 171520K, used 106878K [0x00000000a0000000, 0x00000000aa780000, 0x00000000e0000000)
  object space 171520K, 62% used [0x00000000a0000000,0x00000000a685fa48,0x00000000aa780000)
 Metaspace       used 61950K, capacity 63599K, committed 63768K, reserved 1105920K
  class space    used 7474K, capacity 7880K, committed 7976K, reserved 1048576K
}

Deoptimization events (10 events):
Event: 1517.399 Thread 0x000000001d27a800 Uncommon trap: reason=class_check action=maybe_recompile pc=0x0000000004d0fd38 method=org.jetbrains.kotlin.load.java.lazy.descriptors.LazyJavaScope.createPropertyDescriptor(Lorg/jetbrains/kotlin/load/java/structure/JavaField;)Lorg/jetbrains/kotlin/descrip
Event: 1517.399 Thread 0x000000001d27a800 Uncommon trap: reason=class_check action=maybe_recompile pc=0x0000000004d0fd38 method=org.jetbrains.kotlin.load.java.lazy.descriptors.LazyJavaScope.createPropertyDescriptor(Lorg/jetbrains/kotlin/load/java/structure/JavaField;)Lorg/jetbrains/kotlin/descrip
Event: 1517.399 Thread 0x000000001d27a800 Uncommon trap: reason=class_check action=maybe_recompile pc=0x0000000004d0fd38 method=org.jetbrains.kotlin.load.java.lazy.descriptors.LazyJavaScope.createPropertyDescriptor(Lorg/jetbrains/kotlin/load/java/structure/JavaField;)Lorg/jetbrains/kotlin/descrip
Event: 1517.400 Thread 0x000000001d27a800 Uncommon trap: reason=class_check action=maybe_recompile pc=0x0000000004d2fad8 method=org.jetbrains.kotlin.load.java.lazy.descriptors.LazyJavaScope.createPropertyDescriptor(Lorg/jetbrains/kotlin/load/java/structure/JavaField;)Lorg/jetbrains/kotlin/descrip
Event: 1517.432 Thread 0x000000001d27a800 Uncommon trap: reason=speculate_class_check action=maybe_recompile pc=0x00000000033d10a8 method=org.jetbrains.kotlin.resolve.descriptorUtil.DescriptorUtilsKt.getNonSourceAnnotations(Lorg/jetbrains/kotlin/descriptors/annotations/Annotated;)Ljava/util/List;
Event: 1517.432 Thread 0x000000001d27a800 Uncommon trap: reason=speculate_class_check action=maybe_recompile pc=0x00000000033d10a8 method=org.jetbrains.kotlin.resolve.descriptorUtil.DescriptorUtilsKt.getNonSourceAnnotations(Lorg/jetbrains/kotlin/descriptors/annotations/Annotated;)Ljava/util/List;
Event: 1517.432 Thread 0x000000001d27a800 Uncommon trap: reason=speculate_class_check action=maybe_recompile pc=0x00000000033d10a8 method=org.jetbrains.kotlin.resolve.descriptorUtil.DescriptorUtilsKt.getNonSourceAnnotations(Lorg/jetbrains/kotlin/descriptors/annotations/Annotated;)Ljava/util/List;
Event: 1517.438 Thread 0x000000001d27a800 Uncommon trap: reason=speculate_class_check action=maybe_recompile pc=0x00000000033d10a8 method=org.jetbrains.kotlin.resolve.descriptorUtil.DescriptorUtilsKt.getNonSourceAnnotations(Lorg/jetbrains/kotlin/descriptors/annotations/Annotated;)Ljava/util/List;
Event: 1517.458 Thread 0x000000001d27a800 Uncommon trap: reason=unstable_if action=reinterpret pc=0x0000000004e77468 method=gnu.trove.THashMap.rehash(I)V @ 61
Event: 1840.438 Thread 0x000000001d277800 Uncommon trap: reason=speculate_class_check action=maybe_recompile pc=0x000000000487c508 method=java.util.ArrayList.<init>(Ljava/util/Collection;)V @ 36

Classes redefined (0 events):
No events

Internal exceptions (10 events):
Event: 1516.845 Thread 0x000000001d27a800 Exception <a 'sun/nio/fs/WindowsException'> (0x00000000e6fd0870) thrown at [D:\src\AOSP-openjdk-cygwin\jdk8u\hotspot\src\share\vm\prims\jni.cpp, line 709]
Event: 1516.846 Thread 0x000000001d27a800 Exception <a 'sun/nio/fs/WindowsException'> (0x00000000e6fd4408) thrown at [D:\src\AOSP-openjdk-cygwin\jdk8u\hotspot\src\share\vm\prims\jni.cpp, line 709]
Event: 1516.846 Thread 0x000000001d27a800 Exception <a 'java/io/FileNotFoundException'> (0x00000000e6fd5af8) thrown at [D:\src\AOSP-openjdk-cygwin\jdk8u\hotspot\src\share\vm\prims\jni.cpp, line 709]
Event: 1516.846 Thread 0x000000001d27a800 Exception <a 'java/io/FileNotFoundException'> (0x00000000e6fd7340) thrown at [D:\src\AOSP-openjdk-cygwin\jdk8u\hotspot\src\share\vm\prims\jni.cpp, line 709]
Event: 1840.428 Thread 0x000000001d279000 Exception <a 'java/lang/InterruptedException'> (0x00000000ed4ef468) thrown at [D:\src\AOSP-openjdk-cygwin\jdk8u\hotspot\src\share\vm\runtime\objectMonitor.cpp, line 1684]
Event: 1840.467 Thread 0x000000001d277800 Exception <a 'java/io/FileNotFoundException'> (0x00000000ed634c08) thrown at [D:\src\AOSP-openjdk-cygwin\jdk8u\hotspot\src\share\vm\prims\jni.cpp, line 709]
Event: 1840.467 Thread 0x000000001d277800 Exception <a 'sun/nio/fs/WindowsException'> (0x00000000ed636310) thrown at [D:\src\AOSP-openjdk-cygwin\jdk8u\hotspot\src\share\vm\prims\jni.cpp, line 709]
Event: 1840.470 Thread 0x000000001d277800 Exception <a 'sun/nio/fs/WindowsException'> (0x00000000ed639ea8) thrown at [D:\src\AOSP-openjdk-cygwin\jdk8u\hotspot\src\share\vm\prims\jni.cpp, line 709]
Event: 1840.471 Thread 0x000000001d277800 Exception <a 'java/io/FileNotFoundException'> (0x00000000ed63b598) thrown at [D:\src\AOSP-openjdk-cygwin\jdk8u\hotspot\src\share\vm\prims\jni.cpp, line 709]
Event: 1840.471 Thread 0x000000001d277800 Exception <a 'java/io/FileNotFoundException'> (0x00000000ed63cde0) thrown at [D:\src\AOSP-openjdk-cygwin\jdk8u\hotspot\src\share\vm\prims\jni.cpp, line 709]

Events (10 events):
Event: 1841.334 loading class org/jetbrains/kotlin/android/synthetic/res/AndroidPackageFragmentProviderExtension$getPackageFragmentProvider$$inlined$let$lambda$1
Event: 1841.334 loading class org/jetbrains/kotlin/android/synthetic/res/AndroidPackageFragmentProviderExtension$getPackageFragmentProvider$$inlined$let$lambda$1 done
Event: 1841.334 loading class org/jetbrains/kotlin/android/synthetic/res/AndroidPackageFragmentProviderExtension$getPackageFragmentProvider$$inlined$let$lambda$1$1
Event: 1841.334 loading class org/jetbrains/kotlin/android/synthetic/res/AndroidPackageFragmentProviderExtension$getPackageFragmentProvider$$inlined$let$lambda$1$1 done
Event: 1841.335 loading class org/jetbrains/kotlin/android/synthetic/res/AndroidSyntheticPackageFragmentProvider
Event: 1841.335 loading class org/jetbrains/kotlin/android/synthetic/res/AndroidSyntheticPackageFragmentProvider done
Event: 1841.515 Thread 0x000000001d277800 DEOPT PACKING pc=0x0000000003ada41d sp=0x0000000024ffa2c0
Event: 1841.515 Thread 0x000000001d277800 DEOPT UNPACKING pc=0x0000000002fa75d0 sp=0x0000000024ffa098 mode 0
Event: 1841.605 loading class org/jetbrains/kotlin/com/intellij/psi/impl/source/tree/LazyParseableElement$1
Event: 1841.605 loading class org/jetbrains/kotlin/com/intellij/psi/impl/source/tree/LazyParseableElement$1 done


Dynamic libraries:
0x00007ff7e72d0000 - 0x00007ff7e7301000 	C:\Program Files\Android\Android Studio\jre\jre\bin\java.exe
0x00007ffa5a340000 - 0x00007ffa5a521000 	C:\WINDOWS\SYSTEM32\ntdll.dll
0x00007ffa101d0000 - 0x00007ffa101e2000 	C:\Program Files\AVG\Antivirus\aswhook.dll
0x00007ffa587d0000 - 0x00007ffa58881000 	C:\WINDOWS\System32\KERNEL32.DLL
0x00007ffa56980000 - 0x00007ffa56bf3000 	C:\WINDOWS\System32\KERNELBASE.dll
0x00007ffa57f60000 - 0x00007ffa58001000 	C:\WINDOWS\System32\ADVAPI32.dll
0x00007ffa5a1c0000 - 0x00007ffa5a25e000 	C:\WINDOWS\System32\msvcrt.dll
0x00007ffa58770000 - 0x00007ffa587cb000 	C:\WINDOWS\System32\sechost.dll
0x00007ffa58190000 - 0x00007ffa582b4000 	C:\WINDOWS\System32\RPCRT4.dll
0x00007ffa57c70000 - 0x00007ffa57e00000 	C:\WINDOWS\System32\USER32.dll
0x00007ffa56710000 - 0x00007ffa56730000 	C:\WINDOWS\System32\win32u.dll
0x00007ffa58d50000 - 0x00007ffa58d78000 	C:\WINDOWS\System32\GDI32.dll
0x00007ffa56730000 - 0x00007ffa568c2000 	C:\WINDOWS\System32\gdi32full.dll
0x00007ffa57370000 - 0x00007ffa5740f000 	C:\WINDOWS\System32\msvcp_win.dll
0x00007ffa57650000 - 0x00007ffa57748000 	C:\WINDOWS\System32\ucrtbase.dll
0x00007ffa4a5f0000 - 0x00007ffa4a859000 	C:\WINDOWS\WinSxS\amd64_microsoft.windows.common-controls_6595b64144ccf1df_6.0.17134.706_none_fb43a2cb30647007\COMCTL32.dll
0x00007ffa582c0000 - 0x00007ffa585e2000 	C:\WINDOWS\System32\combase.dll
0x00007ffa57750000 - 0x00007ffa577ca000 	C:\WINDOWS\System32\bcryptPrimitives.dll
0x00007ffa58740000 - 0x00007ffa5876d000 	C:\WINDOWS\System32\IMM32.DLL
0x0000000070d30000 - 0x0000000070e02000 	C:\Program Files\Android\Android Studio\jre\jre\bin\msvcr100.dll
0x0000000070e10000 - 0x0000000071651000 	C:\Program Files\Android\Android Studio\jre\jre\bin\server\jvm.dll
0x00007ffa58890000 - 0x00007ffa58898000 	C:\WINDOWS\System32\PSAPI.DLL
0x00007ffa3c610000 - 0x00007ffa3c619000 	C:\WINDOWS\SYSTEM32\WSOCK32.dll
0x00007ffa57aa0000 - 0x00007ffa57b0c000 	C:\WINDOWS\System32\WS2_32.dll
0x00007ffa54380000 - 0x00007ffa543a3000 	C:\WINDOWS\SYSTEM32\WINMM.dll
0x00007ffa4d4e0000 - 0x00007ffa4d4ea000 	C:\WINDOWS\SYSTEM32\VERSION.dll
0x00007ffa54350000 - 0x00007ffa5437a000 	C:\WINDOWS\SYSTEM32\WINMMBASE.dll
0x00007ffa57600000 - 0x00007ffa57649000 	C:\WINDOWS\System32\cfgmgr32.dll
0x00007ffa3d6f0000 - 0x00007ffa3d6ff000 	C:\Program Files\Android\Android Studio\jre\jre\bin\verify.dll
0x00007ffa236f0000 - 0x00007ffa23719000 	C:\Program Files\Android\Android Studio\jre\jre\bin\java.dll
0x00007ffa26ce0000 - 0x00007ffa26cf6000 	C:\Program Files\Android\Android Studio\jre\jre\bin\zip.dll
0x00007ffa58d80000 - 0x00007ffa5a1c0000 	C:\WINDOWS\System32\SHELL32.dll
0x00007ffa5a260000 - 0x00007ffa5a309000 	C:\WINDOWS\System32\shcore.dll
0x00007ffa56c60000 - 0x00007ffa5736d000 	C:\WINDOWS\System32\windows.storage.dll
0x00007ffa585f0000 - 0x00007ffa58641000 	C:\WINDOWS\System32\shlwapi.dll
0x00007ffa56680000 - 0x00007ffa56691000 	C:\WINDOWS\System32\kernel.appcore.dll
0x00007ffa56660000 - 0x00007ffa5667f000 	C:\WINDOWS\System32\profapi.dll
0x00007ffa566c0000 - 0x00007ffa5670c000 	C:\WINDOWS\System32\powrprof.dll
0x00007ffa56650000 - 0x00007ffa5665a000 	C:\WINDOWS\System32\FLTLIB.DLL
0x00007ffa3b040000 - 0x00007ffa3b04d000 	C:\Program Files\Android\Android Studio\jre\jre\bin\management.dll
0x00007ffa24450000 - 0x00007ffa2446a000 	C:\Program Files\Android\Android Studio\jre\jre\bin\net.dll
0x00007ffa55ed0000 - 0x00007ffa55f36000 	C:\WINDOWS\system32\mswsock.dll
0x00007ffa242e0000 - 0x00007ffa242f1000 	C:\Program Files\Android\Android Studio\jre\jre\bin\nio.dll
0x00007ffa56080000 - 0x00007ffa56097000 	C:\WINDOWS\SYSTEM32\CRYPTSP.dll
0x00007ffa55ab0000 - 0x00007ffa55ae3000 	C:\WINDOWS\system32\rsaenh.dll
0x00007ffa561b0000 - 0x00007ffa561d5000 	C:\WINDOWS\SYSTEM32\bcrypt.dll
0x00007ffa56550000 - 0x00007ffa56578000 	C:\WINDOWS\SYSTEM32\USERENV.dll
0x00007ffa560a0000 - 0x00007ffa560ab000 	C:\WINDOWS\SYSTEM32\CRYPTBASE.dll
0x00007ffa55c50000 - 0x00007ffa55c88000 	C:\WINDOWS\SYSTEM32\IPHLPAPI.DLL
0x00007ffa57f30000 - 0x00007ffa57f38000 	C:\WINDOWS\System32\NSI.dll
0x00007ffa4d3b0000 - 0x00007ffa4d3c6000 	C:\WINDOWS\SYSTEM32\dhcpcsvc6.DLL
0x00007ffa4d460000 - 0x00007ffa4d47a000 	C:\WINDOWS\SYSTEM32\dhcpcsvc.DLL

VM Arguments:
jvm_args: -Djava.awt.headless=true -Djava.rmi.server.hostname=127.0.0.1 -Xmx1536m -Dkotlin.environment.keepalive 
java_command: org.jetbrains.kotlin.daemon.KotlinCompileDaemon --daemon-runFilesPath C:\Users\faaiz\AppData\Local\kotlin\daemon --daemon-autoshutdownIdleSeconds=7200 --daemon-compilerClasspath C:\Users\faaiz\.gradle\caches\modules-2\files-2.1\org.jetbrains.kotlin\kotlin-compiler-embeddable\1.3.21\677cc9553b8964c895abc76da9b6a0faea8f671d\kotlin-compiler-embeddable-1.3.21.jar;C:\Users\faaiz\.gradle\caches\modules-2\files-2.1\org.jetbrains.kotlin\kotlin-reflect\1.3.21\d0d5ff2ac2ebd8a42697af41e20fc225a23c5d3b\kotlin-reflect-1.3.21.jar;C:\Users\faaiz\.gradle\caches\modules-2\files-2.1\org.jetbrains.kotlin\kotlin-stdlib\1.3.21\4bcc2012b84840e19e1e28074284cac908be0295\kotlin-stdlib-1.3.21.jar;C:\Users\faaiz\.gradle\caches\modules-2\files-2.1\org.jetbrains.kotlin\kotlin-script-runtime\1.3.21\29363d474ee6fda354900636320a177c7286def9\kotlin-script-runtime-1.3.21.jar;C:\Users\faaiz\.gradle\caches\modules-2\files-2.1\org.jetbrains.intellij.deps\trove4j\1.0.20181211\216c2e14b070f334479d800987affe4054cd563f\trove4j-1.0.20181211.jar;C:\Users\faaiz\.gradle\caches\modules-2\files-2.1\org.jetbrains.kotlin\kotlin-stdlib-common\1.3.21\f30e4a9897913e53d778f564110bafa1fef46643\kotlin-stdlib-common-1.3.21.jar;C:\Users\faaiz\.gradle\caches\modules-2\files-2.1\org.jetbrains\annotations\13.0\919f0dfe192fb4e063e7dacadee7f8bb9a2672a9\annotations-13.0.jar;C:\Program Files\Android\Android Studio\jre\lib\tools.jar
java_class_path (initial): C:\Users\faaiz\.gradle\caches\modules-2\files-2.1\org.jetbrains.kotlin\kotlin-compiler-embeddable\1.3.21\677cc9553b8964c895abc76da9b6a0faea8f671d\kotlin-compiler-embeddable-1.3.21.jar;C:\Users\faaiz\.gradle\caches\modules-2\files-2.1\org.jetbrains.kotlin\kotlin-reflect\1.3.21\d0d5ff2ac2ebd8a42697af41e20fc225a23c5d3b\kotlin-reflect-1.3.21.jar;C:\Users\faaiz\.gradle\caches\modules-2\files-2.1\org.jetbrains.kotlin\kotlin-stdlib\1.3.21\4bcc2012b84840e19e1e28074284cac908be0295\kotlin-stdlib-1.3.21.jar;C:\Users\faaiz\.gradle\caches\modules-2\files-2.1\org.jetbrains.kotlin\kotlin-script-runtime\1.3.21\29363d474ee6fda354900636320a177c7286def9\kotlin-script-runtime-1.3.21.jar;C:\Users\faaiz\.gradle\caches\modules-2\files-2.1\org.jetbrains.intellij.deps\trove4j\1.0.20181211\216c2e14b070f334479d800987affe4054cd563f\trove4j-1.0.20181211.jar;C:\Users\faaiz\.gradle\caches\modules-2\files-2.1\org.jetbrains.kotlin\kotlin-stdlib-common\1.3.21\f30e4a9897913e53d778f564110bafa1fef46643\kotlin-stdlib-common-1.3.21.jar;C:\Users\faaiz\.gradle\caches\modules-2\files-2.1\org.jetbrains\annotations\13.0\919f0dfe192fb4e063e7dacadee7f8bb9a2672a9\annotations-13.0.jar;C:\Program Files\Android\Android Studio\jre\lib\tools.jar
Launcher Type: SUN_STANDARD

Environment Variables:
PATH=C:\Program Files (x86)\Common Files\Oracle\Java\javapath;C:\Program Files (x86)\Intel\iCLS Client\;C:\Program Files\Intel\iCLS Client\;C:\Windows\system32;C:\Windows;C:\Windows\System32\Wbem;C:\Windows\System32\WindowsPowerShell\v1.0\;C:\Program Files (x86)\Intel\Intel(R) Management Engine Components\DAL;C:\Program Files\Intel\Intel(R) Management Engine Components\DAL;C:\Program Files (x86)\Intel\Intel(R) Management Engine Components\IPT;C:\Program Files\Intel\Intel(R) Management Engine Components\IPT;C:\Program Files (x86)\NVIDIA Corporation\PhysX\Common;C:\Program Files\Intel\WiFi\bin\;C:\Program Files\Common Files\Intel\WirelessCommon\;C:\WINDOWS\system32;C:\WINDOWS;C:\WINDOWS\System32\Wbem;C:\WINDOWS\System32\WindowsPowerShell\v1.0\;C:\WINDOWS\System32\OpenSSH\;C:\Program Files\Git\cmd;C:\Program Files\NVIDIA Corporation\NVIDIA NvDLISR;C:\Program Files\nodejs\;C:\Users\faaiz\AppData\Local\Programs\Python\Python37-32\Scripts\;C:\Users\faaiz\AppData\Local\Programs\Python\Python37-32\;C:\Users\faaiz\AppData\Local\Microsoft\WindowsApps;C:\Users\faaiz\AppData\Local\GitHubDesktop\bin;C:\Users\faaiz\AppData\Local\Programs\Microsoft VS Code\bin;C:\Users\faaiz\AppData\Roaming\npm
USERNAME=faaiz
OS=Windows_NT
PROCESSOR_IDENTIFIER=Intel64 Family 6 Model 142 Stepping 10, GenuineIntel



---------------  S Y S T E M  ---------------

OS: Windows 10.0 , 64 bit Build 17134 (10.0.17134.706)

CPU:total 8 (initial active 8) (4 cores per cpu, 2 threads per core) family 6 model 142 stepping 10, cmov, cx8, fxsr, mmx, sse, sse2, sse3, ssse3, sse4.1, sse4.2, popcnt, avx, avx2, aes, clmul, erms, 3dnowpref, lzcnt, ht, tsc, tscinvbit, bmi1, bmi2, adx

Memory: 4k page, physical 8262884k(880272k free), swap 11117796k(780k free)

vm_info: OpenJDK 64-Bit Server VM (25.152-b01) for windows-amd64 JRE (1.8.0_152-release-1248-b01), built by "builder" with MS VC++ 10.0 (VS2010)

time: Fri Apr 26 00:23:12 2019
elapsed time: 1842 seconds (0d 0h 30m 42s)

